mode: set
github.com/akaptelinin/shortnames-linter/plugin/shortnames.go:11.59,13.2 1 0
github.com/akaptelinin/shortnames-linter/main.go:9.13,11.2 1 0
github.com/akaptelinin/shortnames-linter/analyzer/analyzer.go:49.13,56.2 3 1
github.com/akaptelinin/shortnames-linter/analyzer/analyzer.go:58.27,59.25 1 1
github.com/akaptelinin/shortnames-linter/analyzer/analyzer.go:59.25,61.3 1 1
github.com/akaptelinin/shortnames-linter/analyzer/analyzer.go:62.2,62.57 1 1
github.com/akaptelinin/shortnames-linter/analyzer/analyzer.go:62.57,64.17 2 1
github.com/akaptelinin/shortnames-linter/analyzer/analyzer.go:64.17,66.4 1 1
github.com/akaptelinin/shortnames-linter/analyzer/analyzer.go:70.38,71.32 1 1
github.com/akaptelinin/shortnames-linter/analyzer/analyzer.go:71.32,73.3 1 1
github.com/akaptelinin/shortnames-linter/analyzer/analyzer.go:74.2,74.51 1 1
github.com/akaptelinin/shortnames-linter/analyzer/analyzer.go:74.51,76.3 1 1
github.com/akaptelinin/shortnames-linter/analyzer/analyzer.go:77.2,77.25 1 1
github.com/akaptelinin/shortnames-linter/analyzer/analyzer.go:77.25,79.3 1 1
github.com/akaptelinin/shortnames-linter/analyzer/analyzer.go:80.2,80.14 1 1
github.com/akaptelinin/shortnames-linter/analyzer/analyzer.go:83.52,86.34 2 1
github.com/akaptelinin/shortnames-linter/analyzer/analyzer.go:86.34,87.36 1 1
github.com/akaptelinin/shortnames-linter/analyzer/analyzer.go:87.36,88.23 1 1
github.com/akaptelinin/shortnames-linter/analyzer/analyzer.go:88.23,90.59 2 1
github.com/akaptelinin/shortnames-linter/analyzer/analyzer.go:90.59,94.6 1 1
github.com/akaptelinin/shortnames-linter/analyzer/analyzer.go:98.3,98.43 1 1
github.com/akaptelinin/shortnames-linter/analyzer/analyzer.go:98.43,100.11 2 1
github.com/akaptelinin/shortnames-linter/analyzer/analyzer.go:100.11,102.5 1 1
github.com/akaptelinin/shortnames-linter/analyzer/analyzer.go:104.4,104.22 1 1
github.com/akaptelinin/shortnames-linter/analyzer/analyzer.go:104.22,105.40 1 1
github.com/akaptelinin/shortnames-linter/analyzer/analyzer.go:105.40,106.39 1 1
github.com/akaptelinin/shortnames-linter/analyzer/analyzer.go:106.39,107.36 1 1
github.com/akaptelinin/shortnames-linter/analyzer/analyzer.go:107.36,111.8 1 1
github.com/akaptelinin/shortnames-linter/analyzer/analyzer.go:116.4,116.29 1 1
github.com/akaptelinin/shortnames-linter/analyzer/analyzer.go:116.29,117.47 1 1
github.com/akaptelinin/shortnames-linter/analyzer/analyzer.go:117.47,118.39 1 1
github.com/akaptelinin/shortnames-linter/analyzer/analyzer.go:118.39,119.36 1 1
github.com/akaptelinin/shortnames-linter/analyzer/analyzer.go:119.36,123.8 1 1
github.com/akaptelinin/shortnames-linter/analyzer/analyzer.go:128.4,128.30 1 1
github.com/akaptelinin/shortnames-linter/analyzer/analyzer.go:128.30,129.48 1 1
github.com/akaptelinin/shortnames-linter/analyzer/analyzer.go:129.48,130.39 1 1
github.com/akaptelinin/shortnames-linter/analyzer/analyzer.go:130.39,131.36 1 1
github.com/akaptelinin/shortnames-linter/analyzer/analyzer.go:131.36,135.8 1 1
github.com/akaptelinin/shortnames-linter/analyzer/analyzer.go:140.4,140.15 1 1
github.com/akaptelinin/shortnames-linter/analyzer/analyzer.go:144.2,144.17 1 1
github.com/akaptelinin/shortnames-linter/analyzer/analyzer.go:147.48,148.26 1 1
github.com/akaptelinin/shortnames-linter/analyzer/analyzer.go:149.21,150.34 1 1
github.com/akaptelinin/shortnames-linter/analyzer/analyzer.go:151.18,153.21 2 1
github.com/akaptelinin/shortnames-linter/analyzer/analyzer.go:153.21,155.4 1 0
github.com/akaptelinin/shortnames-linter/analyzer/analyzer.go:156.3,156.46 1 1
github.com/akaptelinin/shortnames-linter/analyzer/analyzer.go:157.10,158.16 1 1
